[0m11:57:09.809923 [debug] [MainThread]: Sending event: {'category': 'dbt', 'action': 'invocation', 'label': 'start', 'context': [<snowplow_tracker.self_describing_json.SelfDescribingJson object at 0x0000020D88E7F550>, <snowplow_tracker.self_describing_json.SelfDescribingJson object at 0x0000020D8DA79F40>, <snowplow_tracker.self_describing_json.SelfDescribingJson object at 0x0000020D8DA79D00>]}


============================== 11:57:09.873788 | cc3ba513-1f56-420b-aacd-e6e21c470db6 ==============================
[0m11:57:09.873788 [info ] [MainThread]: Running with dbt=1.8.9
[0m11:57:09.875897 [debug] [MainThread]: running dbt with arguments {'printer_width': '80', 'indirect_selection': 'eager', 'log_cache_events': 'False', 'write_json': 'True', 'partial_parse': 'True', 'cache_selected_only': 'False', 'warn_error': 'None', 'fail_fast': 'False', 'debug': 'False', 'log_path': 'logs', 'profiles_dir': 'C:\\Users\\Victor\\.dbt', 'version_check': 'True', 'use_colors': 'True', 'use_experimental_parser': 'False', 'no_print': 'None', 'quiet': 'False', 'empty': 'None', 'log_format': 'default', 'introspect': 'True', 'static_parser': 'True', 'invocation_command': 'dbt init', 'target_path': 'None', 'warn_error_options': 'WarnErrorOptions(include=[], exclude=[])', 'send_anonymous_usage_stats': 'True'}
[0m11:57:10.002233 [warn ] [MainThread]: [ConfigFolderDirectory]: Unable to parse logging event dictionary. Failed to parse dir field: expected string or bytes-like object.. Dictionary: {'dir': WindowsPath('C:/Users/Victor/.dbt')}
[0m11:57:10.003230 [info ] [MainThread]: Creating dbt configuration folder at 
[0m11:57:34.969758 [debug] [MainThread]: Starter project path: C:\Users\Victor\Documents\GitHub\DW_dbt_sql_st\.venv\lib\site-packages\dbt\include\starter_project
[0m11:57:35.003888 [info ] [MainThread]: 
Your new dbt project "dbsales" was created!

For more information on how to configure the profiles.yml file,
please consult the dbt documentation here:

  https://docs.getdbt.com/docs/configure-your-profile

One more thing:

Need help? Don't hesitate to reach out to us via GitHub issues or on Slack:

  https://community.getdbt.com/

Happy modeling!

[0m11:57:35.005394 [info ] [MainThread]: Setting up your profile.
[0m11:59:44.341976 [info ] [MainThread]: Profile dbsales written to C:\Users\Victor\.dbt\profiles.yml using target's profile_template.yml and your supplied values. Run 'dbt debug' to validate the connection.
[0m11:59:44.344701 [debug] [MainThread]: Command `dbt init` succeeded at 11:59:44.343481 after 154.65 seconds
[0m11:59:44.344701 [debug] [MainThread]: Sending event: {'category': 'dbt', 'action': 'invocation', 'label': 'end', 'context': [<snowplow_tracker.self_describing_json.SelfDescribingJson object at 0x0000020D88E7F550>, <snowplow_tracker.self_describing_json.SelfDescribingJson object at 0x0000020D887B8AC0>, <snowplow_tracker.self_describing_json.SelfDescribingJson object at 0x0000020D8B8EC520>]}
[0m11:59:44.348566 [debug] [MainThread]: Flushing usage events
[0m12:15:42.567021 [debug] [MainThread]: Sending event: {'category': 'dbt', 'action': 'invocation', 'label': 'start', 'context': [<snowplow_tracker.self_describing_json.SelfDescribingJson object at 0x000001F4D28A8640>, <snowplow_tracker.self_describing_json.SelfDescribingJson object at 0x000001F4D638F8B0>, <snowplow_tracker.self_describing_json.SelfDescribingJson object at 0x000001F4D638F6D0>]}


============================== 12:15:42.609023 | 5ed98c6a-1be9-457e-aaef-9bdc693b9d51 ==============================
[0m12:15:42.609023 [info ] [MainThread]: Running with dbt=1.8.9
[0m12:15:42.610021 [debug] [MainThread]: running dbt with arguments {'printer_width': '80', 'indirect_selection': 'eager', 'log_cache_events': 'False', 'write_json': 'True', 'partial_parse': 'True', 'cache_selected_only': 'False', 'warn_error': 'None', 'debug': 'False', 'profiles_dir': 'C:\\Users\\Victor\\.dbt', 'log_path': 'logs', 'fail_fast': 'False', 'version_check': 'True', 'use_colors': 'True', 'use_experimental_parser': 'False', 'empty': 'None', 'quiet': 'False', 'no_print': 'None', 'log_format': 'default', 'invocation_command': 'dbt debug', 'introspect': 'True', 'warn_error_options': 'WarnErrorOptions(include=[], exclude=[])', 'target_path': 'None', 'static_parser': 'True', 'send_anonymous_usage_stats': 'True'}
[0m12:15:42.859029 [info ] [MainThread]: dbt version: 1.8.9
[0m12:15:42.859029 [info ] [MainThread]: python version: 3.9.13
[0m12:15:42.860309 [info ] [MainThread]: python path: C:\Users\Victor\Documents\GitHub\DW_dbt_sql_st\.venv\Scripts\python.exe
[0m12:15:42.861609 [info ] [MainThread]: os info: Windows-10-10.0.26100-SP0
[0m12:15:43.262691 [info ] [MainThread]: Using profiles dir at C:\Users\Victor\.dbt
[0m12:15:43.263950 [info ] [MainThread]: Using profiles.yml file at C:\Users\Victor\.dbt\profiles.yml
[0m12:15:43.264940 [info ] [MainThread]: Using dbt_project.yml file at C:\Users\Victor\Documents\GitHub\DW_dbt_sql_st\dbt_project.yml
[0m12:15:43.276483 [info ] [MainThread]: adapter type: postgres
[0m12:15:43.276998 [info ] [MainThread]: adapter version: 1.9.0
[0m12:15:43.278007 [info ] [MainThread]: Configuration:
[0m12:15:43.279077 [info ] [MainThread]:   profiles.yml file [[32mOK found and valid[0m]
[0m12:15:43.280074 [info ] [MainThread]:   dbt_project.yml file [[31mERROR not found[0m]
[0m12:15:43.280074 [info ] [MainThread]: Required dependencies:
[0m12:15:43.281071 [debug] [MainThread]: Executing "git --help"
[0m12:15:43.394288 [debug] [MainThread]: STDOUT: "b"usage: git [-v | --version] [-h | --help] [-C <path>] [-c <name>=<value>]\n           [--exec-path[=<path>]] [--html-path] [--man-path] [--info-path]\n           [-p | --paginate | -P | --no-pager] [--no-replace-objects] [--bare]\n           [--git-dir=<path>] [--work-tree=<path>] [--namespace=<name>]\n           [--super-prefix=<path>] [--config-env=<name>=<envvar>]\n           <command> [<args>]\n\nThese are common Git commands used in various situations:\n\nstart a working area (see also: git help tutorial)\n   clone     Clone a repository into a new directory\n   init      Create an empty Git repository or reinitialize an existing one\n\nwork on the current change (see also: git help everyday)\n   add       Add file contents to the index\n   mv        Move or rename a file, a directory, or a symlink\n   restore   Restore working tree files\n   rm        Remove files from the working tree and from the index\n\nexamine the history and state (see also: git help revisions)\n   bisect    Use binary search to find the commit that introduced a bug\n   diff      Show changes between commits, commit and working tree, etc\n   grep      Print lines matching a pattern\n   log       Show commit logs\n   show      Show various types of objects\n   status    Show the working tree status\n\ngrow, mark and tweak your common history\n   branch    List, create, or delete branches\n   commit    Record changes to the repository\n   merge     Join two or more development histories together\n   rebase    Reapply commits on top of another base tip\n   reset     Reset current HEAD to the specified state\n   switch    Switch branches\n   tag       Create, list, delete or verify a tag object signed with GPG\n\ncollaborate (see also: git help workflows)\n   fetch     Download objects and refs from another repository\n   pull      Fetch from and integrate with another repository or a local branch\n   push      Update remote refs along with associated objects\n\n'git help -a' and 'git help -g' list available subcommands and some\nconcept guides. See 'git help <command>' or 'git help <concept>'\nto read about a specific subcommand or concept.\nSee 'git help git' for an overview of the system.\n""
[0m12:15:43.395285 [debug] [MainThread]: STDERR: "b''"
[0m12:15:43.395285 [info ] [MainThread]:  - git [[32mOK found[0m]

[0m12:15:43.396743 [info ] [MainThread]: Connection:
[0m12:15:43.396743 [info ] [MainThread]:   host: dbsales.civosy6e2lp2.us-east-1.rds.amazonaws.com
[0m12:15:43.397746 [info ] [MainThread]:   port: 5432
[0m12:15:43.397746 [info ] [MainThread]:   user: postgres123
[0m12:15:43.398764 [info ] [MainThread]:   database: dbsales
[0m12:15:43.399779 [info ] [MainThread]:   schema: public
[0m12:15:43.400841 [info ] [MainThread]:   connect_timeout: 10
[0m12:15:43.401852 [info ] [MainThread]:   role: None
[0m12:15:43.402882 [info ] [MainThread]:   search_path: None
[0m12:15:43.405204 [info ] [MainThread]:   keepalives_idle: 0
[0m12:15:43.406290 [info ] [MainThread]:   sslmode: None
[0m12:15:43.408427 [info ] [MainThread]:   sslcert: None
[0m12:15:43.409436 [info ] [MainThread]:   sslkey: None
[0m12:15:43.410608 [info ] [MainThread]:   sslrootcert: None
[0m12:15:43.410608 [info ] [MainThread]:   application_name: dbt
[0m12:15:43.411626 [info ] [MainThread]:   retries: 1
[0m12:15:43.412689 [info ] [MainThread]: Registered adapter: postgres=1.9.0
[0m12:15:43.951377 [debug] [MainThread]: Acquiring new postgres connection 'debug'
[0m12:15:46.994869 [debug] [MainThread]: Using postgres connection "debug"
[0m12:15:46.994869 [debug] [MainThread]: On debug: select 1 as id
[0m12:15:46.995917 [debug] [MainThread]: Opening a new connection, currently in state init
[0m12:15:48.256285 [debug] [MainThread]: Postgres adapter: Got a retryable error when attempting to open a postgres connection.
1 attempts remaining. Retrying in 0 seconds.
Error:
connection to server at "dbsales.civosy6e2lp2.us-east-1.rds.amazonaws.com" (52.205.198.94), port 5432 failed: FATAL:  password authentication failed for user "postgres123"
connection to server at "dbsales.civosy6e2lp2.us-east-1.rds.amazonaws.com" (52.205.198.94), port 5432 failed: FATAL:  no pg_hba.conf entry for host "179.0.119.59", user "postgres123", database "dbsales", no encryption

[0m12:15:49.543755 [debug] [MainThread]: Postgres adapter: Error running SQL: select 1 as id
[0m12:15:49.544848 [debug] [MainThread]: Postgres adapter: Rolling back transaction.
[0m12:15:49.546120 [debug] [MainThread]: On debug: No close available on handle
[0m12:15:49.547167 [info ] [MainThread]:   Connection test: [[31mERROR[0m]

[0m12:15:49.548173 [info ] [MainThread]: [31m2 checks failed:[0m
[0m12:15:49.549205 [info ] [MainThread]: Project loading failed for the following reason:
 project path <C:\Users\Victor\Documents\GitHub\DW_dbt_sql_st\dbt_project.yml> not found

[0m12:15:49.550212 [info ] [MainThread]: dbt was unable to connect to the specified database.
The database returned the following error:

  >Database Error
  connection to server at "dbsales.civosy6e2lp2.us-east-1.rds.amazonaws.com" (52.205.198.94), port 5432 failed: FATAL:  password authentication failed for user "postgres123"
  connection to server at "dbsales.civosy6e2lp2.us-east-1.rds.amazonaws.com" (52.205.198.94), port 5432 failed: FATAL:  no pg_hba.conf entry for host "179.0.119.59", user "postgres123", database "dbsales", no encryption
  

Check your database credentials and try again. For more information, visit:
https://docs.getdbt.com/docs/configure-your-profile


[0m12:15:49.552348 [debug] [MainThread]: Command `dbt debug` failed at 12:15:49.552348 after 7.10 seconds
[0m12:15:49.552348 [debug] [MainThread]: Connection 'debug' was properly closed.
[0m12:15:49.553355 [debug] [MainThread]: Sending event: {'category': 'dbt', 'action': 'invocation', 'label': 'end', 'context': [<snowplow_tracker.self_describing_json.SelfDescribingJson object at 0x000001F4D28A8640>, <snowplow_tracker.self_describing_json.SelfDescribingJson object at 0x000001F4D642CF70>, <snowplow_tracker.self_describing_json.SelfDescribingJson object at 0x000001F4D6507370>]}
[0m12:15:49.554484 [debug] [MainThread]: Flushing usage events
[0m12:18:31.175176 [debug] [MainThread]: Sending event: {'category': 'dbt', 'action': 'invocation', 'label': 'start', 'context': [<snowplow_tracker.self_describing_json.SelfDescribingJson object at 0x000001A4F01B85B0>, <snowplow_tracker.self_describing_json.SelfDescribingJson object at 0x000001A4F1C3F790>, <snowplow_tracker.self_describing_json.SelfDescribingJson object at 0x000001A4F1C3F580>]}


============================== 12:18:31.181201 | 2283a1a6-6179-4e31-8a9d-0c377103e3bd ==============================
[0m12:18:31.181201 [info ] [MainThread]: Running with dbt=1.8.9
[0m12:18:31.182198 [debug] [MainThread]: running dbt with arguments {'printer_width': '80', 'indirect_selection': 'eager', 'log_cache_events': 'False', 'write_json': 'True', 'partial_parse': 'True', 'cache_selected_only': 'False', 'warn_error': 'None', 'version_check': 'True', 'debug': 'False', 'log_path': 'logs', 'profiles_dir': 'C:\\Users\\Victor\\.dbt', 'fail_fast': 'False', 'use_colors': 'True', 'use_experimental_parser': 'False', 'no_print': 'None', 'quiet': 'False', 'empty': 'None', 'log_format': 'default', 'invocation_command': 'dbt debug', 'introspect': 'True', 'static_parser': 'True', 'target_path': 'None', 'warn_error_options': 'WarnErrorOptions(include=[], exclude=[])', 'send_anonymous_usage_stats': 'True'}
[0m12:18:31.220683 [info ] [MainThread]: dbt version: 1.8.9
[0m12:18:31.223492 [info ] [MainThread]: python version: 3.9.13
[0m12:18:31.224507 [info ] [MainThread]: python path: C:\Users\Victor\Documents\GitHub\DW_dbt_sql_st\.venv\Scripts\python.exe
[0m12:18:31.226638 [info ] [MainThread]: os info: Windows-10-10.0.26100-SP0
[0m12:18:31.327975 [info ] [MainThread]: Using profiles dir at C:\Users\Victor\.dbt
[0m12:18:31.329854 [info ] [MainThread]: Using profiles.yml file at C:\Users\Victor\.dbt\profiles.yml
[0m12:18:31.330853 [info ] [MainThread]: Using dbt_project.yml file at C:\Users\Victor\Documents\GitHub\DW_dbt_sql_st\dbt_project.yml
[0m12:18:31.340446 [info ] [MainThread]: adapter type: postgres
[0m12:18:31.341745 [info ] [MainThread]: adapter version: 1.9.0
[0m12:18:31.342251 [info ] [MainThread]: Configuration:
[0m12:18:31.343252 [info ] [MainThread]:   profiles.yml file [[32mOK found and valid[0m]
[0m12:18:31.344746 [info ] [MainThread]:   dbt_project.yml file [[31mERROR not found[0m]
[0m12:18:31.345757 [info ] [MainThread]: Required dependencies:
[0m12:18:31.345757 [debug] [MainThread]: Executing "git --help"
[0m12:18:31.465145 [debug] [MainThread]: STDOUT: "b"usage: git [-v | --version] [-h | --help] [-C <path>] [-c <name>=<value>]\n           [--exec-path[=<path>]] [--html-path] [--man-path] [--info-path]\n           [-p | --paginate | -P | --no-pager] [--no-replace-objects] [--bare]\n           [--git-dir=<path>] [--work-tree=<path>] [--namespace=<name>]\n           [--super-prefix=<path>] [--config-env=<name>=<envvar>]\n           <command> [<args>]\n\nThese are common Git commands used in various situations:\n\nstart a working area (see also: git help tutorial)\n   clone     Clone a repository into a new directory\n   init      Create an empty Git repository or reinitialize an existing one\n\nwork on the current change (see also: git help everyday)\n   add       Add file contents to the index\n   mv        Move or rename a file, a directory, or a symlink\n   restore   Restore working tree files\n   rm        Remove files from the working tree and from the index\n\nexamine the history and state (see also: git help revisions)\n   bisect    Use binary search to find the commit that introduced a bug\n   diff      Show changes between commits, commit and working tree, etc\n   grep      Print lines matching a pattern\n   log       Show commit logs\n   show      Show various types of objects\n   status    Show the working tree status\n\ngrow, mark and tweak your common history\n   branch    List, create, or delete branches\n   commit    Record changes to the repository\n   merge     Join two or more development histories together\n   rebase    Reapply commits on top of another base tip\n   reset     Reset current HEAD to the specified state\n   switch    Switch branches\n   tag       Create, list, delete or verify a tag object signed with GPG\n\ncollaborate (see also: git help workflows)\n   fetch     Download objects and refs from another repository\n   pull      Fetch from and integrate with another repository or a local branch\n   push      Update remote refs along with associated objects\n\n'git help -a' and 'git help -g' list available subcommands and some\nconcept guides. See 'git help <command>' or 'git help <concept>'\nto read about a specific subcommand or concept.\nSee 'git help git' for an overview of the system.\n""
[0m12:18:31.466150 [debug] [MainThread]: STDERR: "b''"
[0m12:18:31.466700 [info ] [MainThread]:  - git [[32mOK found[0m]

[0m12:18:31.467880 [info ] [MainThread]: Connection:
[0m12:18:31.469471 [info ] [MainThread]:   host: dbsales.civosy6e2lp2.us-east-1.rds.amazonaws.com
[0m12:18:31.469471 [info ] [MainThread]:   port: 5432
[0m12:18:31.470605 [info ] [MainThread]:   user: postgres123
[0m12:18:31.471606 [info ] [MainThread]:   database: dbsales
[0m12:18:31.473106 [info ] [MainThread]:   schema: public
[0m12:18:31.474124 [info ] [MainThread]:   connect_timeout: 10
[0m12:18:31.475757 [info ] [MainThread]:   role: None
[0m12:18:31.476754 [info ] [MainThread]:   search_path: None
[0m12:18:31.479170 [info ] [MainThread]:   keepalives_idle: 0
[0m12:18:31.481167 [info ] [MainThread]:   sslmode: None
[0m12:18:31.481167 [info ] [MainThread]:   sslcert: None
[0m12:18:31.482674 [info ] [MainThread]:   sslkey: None
[0m12:18:31.483190 [info ] [MainThread]:   sslrootcert: None
[0m12:18:31.484204 [info ] [MainThread]:   application_name: dbt
[0m12:18:31.486092 [info ] [MainThread]:   retries: 1
[0m12:18:31.488906 [info ] [MainThread]: Registered adapter: postgres=1.9.0
[0m12:18:31.910299 [debug] [MainThread]: Acquiring new postgres connection 'debug'
[0m12:18:32.082581 [debug] [MainThread]: Using postgres connection "debug"
[0m12:18:32.083581 [debug] [MainThread]: On debug: select 1 as id
[0m12:18:32.084412 [debug] [MainThread]: Opening a new connection, currently in state init
[0m12:18:33.359961 [debug] [MainThread]: SQL status: SELECT 1 in 1.276 seconds
[0m12:18:33.362351 [debug] [MainThread]: On debug: Close
[0m12:18:33.363659 [info ] [MainThread]:   Connection test: [[32mOK connection ok[0m]

[0m12:18:33.364696 [info ] [MainThread]: [31m1 check failed:[0m
[0m12:18:33.364696 [info ] [MainThread]: Project loading failed for the following reason:
 project path <C:\Users\Victor\Documents\GitHub\DW_dbt_sql_st\dbt_project.yml> not found

[0m12:18:33.366202 [debug] [MainThread]: Command `dbt debug` failed at 12:18:33.366202 after 2.30 seconds
[0m12:18:33.367211 [debug] [MainThread]: Connection 'debug' was properly closed.
[0m12:18:33.368401 [debug] [MainThread]: Sending event: {'category': 'dbt', 'action': 'invocation', 'label': 'end', 'context': [<snowplow_tracker.self_describing_json.SelfDescribingJson object at 0x000001A4F01B85B0>, <snowplow_tracker.self_describing_json.SelfDescribingJson object at 0x000001A4F1C3FDF0>, <snowplow_tracker.self_describing_json.SelfDescribingJson object at 0x000001A4F1DA2A60>]}
[0m12:18:33.368401 [debug] [MainThread]: Flushing usage events
[0m12:25:31.291579 [debug] [MainThread]: Sending event: {'category': 'dbt', 'action': 'invocation', 'label': 'start', 'context': [<snowplow_tracker.self_describing_json.SelfDescribingJson object at 0x0000015284BA85E0>, <snowplow_tracker.self_describing_json.SelfDescribingJson object at 0x00000152896917F0>, <snowplow_tracker.self_describing_json.SelfDescribingJson object at 0x0000015289691640>]}


============================== 12:25:31.303726 | bfb7d8a3-f17d-40d7-ab21-a67c9b2d2472 ==============================
[0m12:25:31.303726 [info ] [MainThread]: Running with dbt=1.8.9
[0m12:25:31.304749 [debug] [MainThread]: running dbt with arguments {'printer_width': '80', 'indirect_selection': 'eager', 'write_json': 'True', 'log_cache_events': 'False', 'partial_parse': 'True', 'cache_selected_only': 'False', 'warn_error': 'None', 'fail_fast': 'False', 'debug': 'False', 'log_path': 'C:\\Users\\Victor\\Documents\\GitHub\\DW_dbt_sql_st\\logs', 'version_check': 'True', 'profiles_dir': 'C:\\Users\\Victor\\.dbt', 'use_colors': 'True', 'use_experimental_parser': 'False', 'empty': 'None', 'quiet': 'False', 'no_print': 'None', 'warn_error_options': 'WarnErrorOptions(include=[], exclude=[])', 'introspect': 'True', 'invocation_command': 'dbt debug', 'static_parser': 'True', 'target_path': 'None', 'log_format': 'default', 'send_anonymous_usage_stats': 'True'}
[0m12:25:31.331775 [info ] [MainThread]: dbt version: 1.8.9
[0m12:25:31.332814 [info ] [MainThread]: python version: 3.9.13
[0m12:25:31.334847 [info ] [MainThread]: python path: C:\Users\Victor\Documents\GitHub\DW_dbt_sql_st\.venv\Scripts\python.exe
[0m12:25:31.334847 [info ] [MainThread]: os info: Windows-10-10.0.26100-SP0
[0m12:25:31.432002 [info ] [MainThread]: Using profiles dir at C:\Users\Victor\.dbt
[0m12:25:31.433006 [info ] [MainThread]: Using profiles.yml file at C:\Users\Victor\.dbt\profiles.yml
[0m12:25:31.434015 [info ] [MainThread]: Using dbt_project.yml file at C:\Users\Victor\Documents\GitHub\DW_dbt_sql_st\dbt_project.yml
[0m12:25:31.435018 [info ] [MainThread]: adapter type: postgres
[0m12:25:31.436027 [info ] [MainThread]: adapter version: 1.9.0
[0m12:25:31.559770 [info ] [MainThread]: Configuration:
[0m12:25:31.561784 [info ] [MainThread]:   profiles.yml file [[32mOK found and valid[0m]
[0m12:25:31.561784 [info ] [MainThread]:   dbt_project.yml file [[32mOK found and valid[0m]
[0m12:25:31.563206 [info ] [MainThread]: Required dependencies:
[0m12:25:31.564523 [debug] [MainThread]: Executing "git --help"
[0m12:25:31.666930 [debug] [MainThread]: STDOUT: "b"usage: git [-v | --version] [-h | --help] [-C <path>] [-c <name>=<value>]\n           [--exec-path[=<path>]] [--html-path] [--man-path] [--info-path]\n           [-p | --paginate | -P | --no-pager] [--no-replace-objects] [--bare]\n           [--git-dir=<path>] [--work-tree=<path>] [--namespace=<name>]\n           [--super-prefix=<path>] [--config-env=<name>=<envvar>]\n           <command> [<args>]\n\nThese are common Git commands used in various situations:\n\nstart a working area (see also: git help tutorial)\n   clone     Clone a repository into a new directory\n   init      Create an empty Git repository or reinitialize an existing one\n\nwork on the current change (see also: git help everyday)\n   add       Add file contents to the index\n   mv        Move or rename a file, a directory, or a symlink\n   restore   Restore working tree files\n   rm        Remove files from the working tree and from the index\n\nexamine the history and state (see also: git help revisions)\n   bisect    Use binary search to find the commit that introduced a bug\n   diff      Show changes between commits, commit and working tree, etc\n   grep      Print lines matching a pattern\n   log       Show commit logs\n   show      Show various types of objects\n   status    Show the working tree status\n\ngrow, mark and tweak your common history\n   branch    List, create, or delete branches\n   commit    Record changes to the repository\n   merge     Join two or more development histories together\n   rebase    Reapply commits on top of another base tip\n   reset     Reset current HEAD to the specified state\n   switch    Switch branches\n   tag       Create, list, delete or verify a tag object signed with GPG\n\ncollaborate (see also: git help workflows)\n   fetch     Download objects and refs from another repository\n   pull      Fetch from and integrate with another repository or a local branch\n   push      Update remote refs along with associated objects\n\n'git help -a' and 'git help -g' list available subcommands and some\nconcept guides. See 'git help <command>' or 'git help <concept>'\nto read about a specific subcommand or concept.\nSee 'git help git' for an overview of the system.\n""
[0m12:25:31.667937 [debug] [MainThread]: STDERR: "b''"
[0m12:25:31.668939 [info ] [MainThread]:  - git [[32mOK found[0m]

[0m12:25:31.668939 [info ] [MainThread]: Connection:
[0m12:25:31.669961 [info ] [MainThread]:   host: dbsales.civosy6e2lp2.us-east-1.rds.amazonaws.com
[0m12:25:31.670979 [info ] [MainThread]:   port: 5432
[0m12:25:31.672245 [info ] [MainThread]:   user: postgres123
[0m12:25:31.672245 [info ] [MainThread]:   database: dbsales
[0m12:25:31.673253 [info ] [MainThread]:   schema: public
[0m12:25:31.673870 [info ] [MainThread]:   connect_timeout: 10
[0m12:25:31.674886 [info ] [MainThread]:   role: None
[0m12:25:31.674886 [info ] [MainThread]:   search_path: None
[0m12:25:31.675889 [info ] [MainThread]:   keepalives_idle: 0
[0m12:25:31.677023 [info ] [MainThread]:   sslmode: None
[0m12:25:31.677023 [info ] [MainThread]:   sslcert: None
[0m12:25:31.678519 [info ] [MainThread]:   sslkey: None
[0m12:25:31.679682 [info ] [MainThread]:   sslrootcert: None
[0m12:25:31.680686 [info ] [MainThread]:   application_name: dbt
[0m12:25:31.680686 [info ] [MainThread]:   retries: 1
[0m12:25:31.681708 [info ] [MainThread]: Registered adapter: postgres=1.9.0
[0m12:25:32.079612 [debug] [MainThread]: Acquiring new postgres connection 'debug'
[0m12:25:32.191988 [debug] [MainThread]: Using postgres connection "debug"
[0m12:25:32.192995 [debug] [MainThread]: On debug: select 1 as id
[0m12:25:32.192995 [debug] [MainThread]: Opening a new connection, currently in state init
[0m12:25:33.566152 [debug] [MainThread]: SQL status: SELECT 1 in 1.372 seconds
[0m12:25:33.570810 [debug] [MainThread]: On debug: Close
[0m12:25:33.576375 [info ] [MainThread]:   Connection test: [[32mOK connection ok[0m]

[0m12:25:33.577384 [info ] [MainThread]: [32mAll checks passed![0m
[0m12:25:33.578393 [debug] [MainThread]: Command `dbt debug` succeeded at 12:25:33.578393 after 2.39 seconds
[0m12:25:33.579419 [debug] [MainThread]: Connection 'debug' was properly closed.
[0m12:25:33.580424 [debug] [MainThread]: Sending event: {'category': 'dbt', 'action': 'invocation', 'label': 'end', 'context': [<snowplow_tracker.self_describing_json.SelfDescribingJson object at 0x0000015284BA85E0>, <snowplow_tracker.self_describing_json.SelfDescribingJson object at 0x00000152874C9640>, <snowplow_tracker.self_describing_json.SelfDescribingJson object at 0x0000015289804790>]}
[0m12:25:33.581444 [debug] [MainThread]: Flushing usage events
[0m22:44:59.162206 [debug] [MainThread]: Sending event: {'category': 'dbt', 'action': 'invocation', 'label': 'start', 'context': [<snowplow_tracker.self_describing_json.SelfDescribingJson object at 0x000001C59C5B85E0>, <snowplow_tracker.self_describing_json.SelfDescribingJson object at 0x000001C59F0929A0>, <snowplow_tracker.self_describing_json.SelfDescribingJson object at 0x000001C59F0927F0>]}


============================== 22:44:59.206873 | 8e8cdb56-0c9b-48dc-8486-06d9462f29c4 ==============================
[0m22:44:59.206873 [info ] [MainThread]: Running with dbt=1.8.9
[0m22:44:59.207879 [debug] [MainThread]: running dbt with arguments {'printer_width': '80', 'indirect_selection': 'eager', 'log_cache_events': 'False', 'write_json': 'True', 'partial_parse': 'True', 'cache_selected_only': 'False', 'warn_error': 'None', 'fail_fast': 'False', 'profiles_dir': 'C:\\Users\\Victor\\.dbt', 'log_path': 'C:\\Users\\Victor\\Documents\\GitHub\\DW_dbt_sql_st\\logs', 'version_check': 'True', 'debug': 'False', 'use_colors': 'True', 'use_experimental_parser': 'False', 'empty': 'False', 'quiet': 'False', 'no_print': 'None', 'warn_error_options': 'WarnErrorOptions(include=[], exclude=[])', 'invocation_command': 'dbt run', 'introspect': 'True', 'log_format': 'default', 'target_path': 'None', 'static_parser': 'True', 'send_anonymous_usage_stats': 'True'}
[0m22:44:59.966439 [debug] [MainThread]: Sending event: {'category': 'dbt', 'action': 'project_id', 'label': '8e8cdb56-0c9b-48dc-8486-06d9462f29c4', 'context': [<snowplow_tracker.self_describing_json.SelfDescribingJson object at 0x000001C59C794DC0>]}
[0m22:45:00.061418 [debug] [MainThread]: Sending event: {'category': 'dbt', 'action': 'adapter_info', 'label': '8e8cdb56-0c9b-48dc-8486-06d9462f29c4', 'context': [<snowplow_tracker.self_describing_json.SelfDescribingJson object at 0x000001C59F1D2220>]}
[0m22:45:00.077625 [info ] [MainThread]: Registered adapter: postgres=1.9.0
[0m22:45:00.664982 [debug] [MainThread]: checksum: 132857a23e9d07220246854f7763165174ce9b737cfc7867629ace4294e520b1, vars: {}, profile: , target: , version: 1.8.9
[0m22:45:00.668291 [info ] [MainThread]: Unable to do partial parsing because saved manifest not found. Starting full parse.
[0m22:45:00.670376 [debug] [MainThread]: Sending event: {'category': 'dbt', 'action': 'partial_parser', 'label': '8e8cdb56-0c9b-48dc-8486-06d9462f29c4', 'context': [<snowplow_tracker.self_describing_json.SelfDescribingJson object at 0x000001C59F1537C0>]}
[0m22:45:03.608124 [warn ] [MainThread]: [[33mWARNING[0m]: Configuration paths exist in your dbt_project.yml file which do not apply to any resources.
There are 1 unused configuration paths:
- models.dbsales.example
[0m22:45:03.619315 [debug] [MainThread]: Sending event: {'category': 'dbt', 'action': 'load_project', 'label': '8e8cdb56-0c9b-48dc-8486-06d9462f29c4', 'context': [<snowplow_tracker.self_describing_json.SelfDescribingJson object at 0x000001C59F4F1370>]}
[0m22:45:04.328454 [debug] [MainThread]: Sending event: {'category': 'dbt', 'action': 'resource_counts', 'label': '8e8cdb56-0c9b-48dc-8486-06d9462f29c4', 'context': [<snowplow_tracker.self_describing_json.SelfDescribingJson object at 0x000001C59F57C310>]}
[0m22:45:04.330451 [info ] [MainThread]: Found 429 macros
[0m22:45:04.333453 [debug] [MainThread]: Sending event: {'category': 'dbt', 'action': 'runnable_timing', 'label': '8e8cdb56-0c9b-48dc-8486-06d9462f29c4', 'context': [<snowplow_tracker.self_describing_json.SelfDescribingJson object at 0x000001C59F57C370>]}
[0m22:45:04.336432 [info ] [MainThread]: 
[0m22:45:04.339426 [warn ] [MainThread]: Nothing to do. Try checking your model configs and model specification args
[0m22:45:04.345407 [debug] [MainThread]: Command end result
[0m22:45:04.424381 [debug] [MainThread]: Command `dbt run` succeeded at 22:45:04.423946 after 5.40 seconds
[0m22:45:04.425887 [debug] [MainThread]: Sending event: {'category': 'dbt', 'action': 'invocation', 'label': 'end', 'context': [<snowplow_tracker.self_describing_json.SelfDescribingJson object at 0x000001C59C5B85E0>, <snowplow_tracker.self_describing_json.SelfDescribingJson object at 0x000001C59F568040>, <snowplow_tracker.self_describing_json.SelfDescribingJson object at 0x000001C59C89BA00>]}
[0m22:45:04.428378 [debug] [MainThread]: Flushing usage events
[0m22:47:02.238550 [debug] [MainThread]: Sending event: {'category': 'dbt', 'action': 'invocation', 'label': 'start', 'context': [<snowplow_tracker.self_describing_json.SelfDescribingJson object at 0x000001F86F8C7640>, <snowplow_tracker.self_describing_json.SelfDescribingJson object at 0x000001F873391A00>, <snowplow_tracker.self_describing_json.SelfDescribingJson object at 0x000001F873391850>]}


============================== 22:47:02.247585 | 884584b0-944b-4fad-b622-6c3f7cce3309 ==============================
[0m22:47:02.247585 [info ] [MainThread]: Running with dbt=1.8.9
[0m22:47:02.249580 [debug] [MainThread]: running dbt with arguments {'printer_width': '80', 'indirect_selection': 'eager', 'write_json': 'True', 'log_cache_events': 'False', 'partial_parse': 'True', 'cache_selected_only': 'False', 'warn_error': 'None', 'version_check': 'True', 'debug': 'False', 'log_path': 'C:\\Users\\Victor\\Documents\\GitHub\\DW_dbt_sql_st\\logs', 'profiles_dir': 'C:\\Users\\Victor\\.dbt', 'fail_fast': 'False', 'use_colors': 'True', 'use_experimental_parser': 'False', 'no_print': 'None', 'quiet': 'False', 'empty': 'False', 'warn_error_options': 'WarnErrorOptions(include=[], exclude=[])', 'invocation_command': 'dbt run', 'introspect': 'True', 'log_format': 'default', 'target_path': 'None', 'static_parser': 'True', 'send_anonymous_usage_stats': 'True'}
[0m22:47:02.542196 [debug] [MainThread]: Sending event: {'category': 'dbt', 'action': 'project_id', 'label': '884584b0-944b-4fad-b622-6c3f7cce3309', 'context': [<snowplow_tracker.self_describing_json.SelfDescribingJson object at 0x000001F873334190>]}
[0m22:47:02.629702 [debug] [MainThread]: Sending event: {'category': 'dbt', 'action': 'adapter_info', 'label': '884584b0-944b-4fad-b622-6c3f7cce3309', 'context': [<snowplow_tracker.self_describing_json.SelfDescribingJson object at 0x000001F873480430>]}
[0m22:47:02.631697 [info ] [MainThread]: Registered adapter: postgres=1.9.0
[0m22:47:03.115156 [debug] [MainThread]: checksum: 132857a23e9d07220246854f7763165174ce9b737cfc7867629ace4294e520b1, vars: {}, profile: , target: , version: 1.8.9
[0m22:47:03.268079 [debug] [MainThread]: Partial parsing enabled: 0 files deleted, 0 files added, 0 files changed.
[0m22:47:03.269098 [debug] [MainThread]: Partial parsing enabled, no changes found, skipping parsing
[0m22:47:03.270112 [warn ] [MainThread]: [[33mWARNING[0m]: Configuration paths exist in your dbt_project.yml file which do not apply to any resources.
There are 1 unused configuration paths:
- models.dbsales.example
[0m22:47:03.276830 [debug] [MainThread]: Sending event: {'category': 'dbt', 'action': 'load_project', 'label': '884584b0-944b-4fad-b622-6c3f7cce3309', 'context': [<snowplow_tracker.self_describing_json.SelfDescribingJson object at 0x000001F8738DF130>]}
[0m22:47:03.420268 [debug] [MainThread]: Sending event: {'category': 'dbt', 'action': 'resource_counts', 'label': '884584b0-944b-4fad-b622-6c3f7cce3309', 'context': [<snowplow_tracker.self_describing_json.SelfDescribingJson object at 0x000001F8738E5790>]}
[0m22:47:03.421294 [info ] [MainThread]: Found 429 macros
[0m22:47:03.422300 [debug] [MainThread]: Sending event: {'category': 'dbt', 'action': 'runnable_timing', 'label': '884584b0-944b-4fad-b622-6c3f7cce3309', 'context': [<snowplow_tracker.self_describing_json.SelfDescribingJson object at 0x000001F8738CCDC0>]}
[0m22:47:03.423297 [info ] [MainThread]: 
[0m22:47:03.425487 [warn ] [MainThread]: Nothing to do. Try checking your model configs and model specification args
[0m22:47:03.430163 [debug] [MainThread]: Command end result
[0m22:47:03.489671 [debug] [MainThread]: Command `dbt run` succeeded at 22:47:03.489671 after 1.37 seconds
[0m22:47:03.490668 [debug] [MainThread]: Sending event: {'category': 'dbt', 'action': 'invocation', 'label': 'end', 'context': [<snowplow_tracker.self_describing_json.SelfDescribingJson object at 0x000001F86F8C7640>, <snowplow_tracker.self_describing_json.SelfDescribingJson object at 0x000001F873488F10>, <snowplow_tracker.self_describing_json.SelfDescribingJson object at 0x000001F8738C4D90>]}
[0m22:47:03.491674 [debug] [MainThread]: Flushing usage events
